#
# There is insufficient memory for the Java Runtime Environment to continue.
# Native memory allocation (mmap) failed to map 257949696 bytes. Error detail: G1 virtual space
# Possible reasons:
#   The system is out of physical RAM or swap space
#   This process is running with CompressedOops enabled, and the Java Heap may be blocking the growth of the native heap
# Possible solutions:
#   Reduce memory load on the system
#   Increase physical memory or swap space
#   Check if swap backing store is full
#   Decrease Java heap size (-Xmx/-Xms)
#   Decrease number of Java threads
#   Decrease Java thread stack sizes (-Xss)
#   Set larger code cache with -XX:ReservedCodeCacheSize=
#   JVM is running with Zero Based Compressed Oops mode in which the Java heap is
#     placed in the first 32GB address space. The Java Heap base address is the
#     maximum limit for the native heap growth. Please use -XX:HeapBaseMinAddress
#     to set the Java Heap base and to place the Java Heap above 32GB virtual address.
# This output file may be truncated or incomplete.
#
#  Out of Memory Error (os_windows.cpp:3898), pid=8880, tid=23020
#
# JRE version:  (21.0.7) (build )
# Java VM: OpenJDK 64-Bit Server VM (21.0.7+-13880790-b1038.58, mixed mode, sharing, tiered, compressed oops, compressed class ptrs, g1 gc, windows-amd64)
# No core dump will be written. Minidumps are not enabled by default on client versions of Windows
#

---------------  S U M M A R Y ------------

Command Line: org.jetbrains.kotlin.cli.jvm.K2JVMCompiler @C:\Users\rajin\AndroidStudioProjects\FocuSticks\app\build\20251008_10086486313495087177.compiler.options

Host: AMD Ryzen 5 5500U with Radeon Graphics         , 12 cores, 15G,  Windows 11 , 64 bit Build 26100 (10.0.26100.6725)
Time: Wed Oct  8 19:22:48 2025 Eastern Daylight Time elapsed time: 0.015650 seconds (0d 0h 0m 0s)

---------------  T H R E A D  ---------------

Current thread (0x0000024d876e4380):  JavaThread "Unknown thread" [_thread_in_vm, id=23020, stack(0x000000c593300000,0x000000c593400000) (1024K)]

Stack: [0x000000c593300000,0x000000c593400000]
Native frames: (J=compiled Java code, j=interpreted, Vv=VM code, C=native code)
V  [jvm.dll+0x6d25c9]
V  [jvm.dll+0x860923]
V  [jvm.dll+0x862e7e]
V  [jvm.dll+0x863563]
V  [jvm.dll+0x27f156]
V  [jvm.dll+0x6ceee5]
V  [jvm.dll+0x6c29aa]
V  [jvm.dll+0x355ebb]
V  [jvm.dll+0x35db16]
V  [jvm.dll+0x3afb16]
V  [jvm.dll+0x3afde8]
V  [jvm.dll+0x32855c]
V  [jvm.dll+0x32924b]
V  [jvm.dll+0x828379]
V  [jvm.dll+0x3bcce8]
V  [jvm.dll+0x811628]
V  [jvm.dll+0x45121e]
V  [jvm.dll+0x452981]
C  [jli.dll+0x52ab]
C  [ucrtbase.dll+0x37b0]
C  [KERNEL32.DLL+0x2e8d7]
C  [ntdll.dll+0x8c53c]


---------------  P R O C E S S  ---------------

Threads class SMR info:
_java_thread_list=0x00007ff8164b4888, length=0, elements={
}

Java Threads: ( => current thread )
Total: 0

Other Threads:
  0x0000024d89b5d990 WorkerThread "GC Thread#0"                     [id=14400, stack(0x000000c593400000,0x000000c593500000) (1024K)]
  0x0000024d89b6e6c0 ConcurrentGCThread "G1 Main Marker"            [id=2608, stack(0x000000c593500000,0x000000c593600000) (1024K)]
  0x0000024d89b70000 WorkerThread "G1 Conc#0"                       [id=9484, stack(0x000000c593600000,0x000000c593700000) (1024K)]

[error occurred during error reporting (printing all threads), id 0xc0000005, EXCEPTION_ACCESS_VIOLATION (0xc0000005) at pc=0x00007ff815cab5b7]
VM state: not at safepoint (not fully initialized)

VM Mutex/Monitor currently owned by a thread:  ([mutex/lock_event])
[0x00007ff816521568] Heap_lock - owner thread: 0x0000024d876e4380

Heap address: 0x000000070ac00000, size: 3924 MB, Compressed Oops mode: Zero based, Oop shift amount: 3

CDS archive(s) mapped at: [0x0000000000000000-0x0000000000000000-0x0000000000000000), size 0, SharedBaseAddress: 0x0000000800000000, ArchiveRelocationMode: 1.
Narrow klass base: 0x0000000000000000, Narrow klass shift: 0, Narrow klass range: 0x0

GC Precious Log:
 CardTable entry size: 512
 Card Set container configuration: InlinePtr #cards 4 size 8 Array Of Cards #cards 16 size 48 Howl #buckets 8 coarsen threshold 3686 Howl Bitmap #cards 512 size 80 coarsen threshold 460 Card regions per heap region 1 cards per card region 4096

Heap:
 garbage-first heap   total 0K, used 0K [0x000000070ac00000, 0x0000000800000000)
  region size 2048K, 0 young (0K), 0 survivors (0K)
 Metaspace       used 0K, committed 0K, reserved 0K
  class space    used 0K, committed 0K, reserved 0K

Heap Regions: E=young(eden), S=young(survivor), O=old, HS=humongous(starts), HC=humongous(continues), CS=collection set, F=free, TAMS=top-at-mark-start, PB=parsable bottom

Card table byte_map: [0x0000024d9c950000,0x0000024d9d100000] _byte_map_base: 0x0000024d990fa000

Marking Bits: (CMBitMap*) 0x0000024d89b5e8a0
 Bits: [0x0000024d9d100000, 0x0000024da0e50000)

GC Heap History (0 events):
No events

Dll operation events (1 events):
Event: 0.010 Loaded shared library C:\Program Files\Android\Android Studio\jbr\bin\java.dll

Deoptimization events (0 events):
No events

Classes loaded (0 events):
No events

Classes unloaded (0 events):
No events

Classes redefined (0 events):
No events

Internal exceptions (0 events):
No events

ZGC Phase Switch (0 events):
No events

VM Operations (0 events):
No events

Memory protections (0 events):
No events

Nmethod flushes (0 events):
No events

Events (0 events):
No events


Dynamic libraries:
0x00007ff62bde0000 - 0x00007ff62bdea000 	C:\Program Files\Android\Android Studio\jbr\bin\java.exe
0x00007ff898f60000 - 0x00007ff8991c8000 	C:\WINDOWS\SYSTEM32\ntdll.dll
0x00007ff898c30000 - 0x00007ff898cf9000 	C:\WINDOWS\System32\KERNEL32.DLL
0x00007ff896930000 - 0x00007ff896d22000 	C:\WINDOWS\System32\KERNELBASE.dll
0x00007ff8965b0000 - 0x00007ff8966fb000 	C:\WINDOWS\System32\ucrtbase.dll
0x00007ff887d00000 - 0x00007ff887d1b000 	C:\Program Files\Android\Android Studio\jbr\bin\VCRUNTIME140.dll
0x00007ff84fb40000 - 0x00007ff84fb58000 	C:\Program Files\Android\Android Studio\jbr\bin\jli.dll
0x00007ff897a20000 - 0x00007ff897be5000 	C:\WINDOWS\System32\USER32.dll
0x00007ff896850000 - 0x00007ff896877000 	C:\WINDOWS\System32\win32u.dll
0x00007ff87a500000 - 0x00007ff87a793000 	C:\WINDOWS\WinSxS\amd64_microsoft.windows.common-controls_6595b64144ccf1df_6.0.26100.6725_none_3e085828e334708b\COMCTL32.dll
0x00007ff898750000 - 0x00007ff89877b000 	C:\WINDOWS\System32\GDI32.dll
0x00007ff896ef0000 - 0x00007ff896f99000 	C:\WINDOWS\System32\msvcrt.dll
0x00007ff8963e0000 - 0x00007ff89650d000 	C:\WINDOWS\System32\gdi32full.dll
0x00007ff896880000 - 0x00007ff896923000 	C:\WINDOWS\System32\msvcp_win.dll
0x00007ff896e80000 - 0x00007ff896eaf000 	C:\WINDOWS\System32\IMM32.DLL
0x00007ff8912d0000 - 0x00007ff8912dc000 	C:\Program Files\Android\Android Studio\jbr\bin\vcruntime140_1.dll
0x00007ffff8820000 - 0x00007ffff88ad000 	C:\Program Files\Android\Android Studio\jbr\bin\msvcp140.dll
0x00007ff815970000 - 0x00007ff8165fe000 	C:\Program Files\Android\Android Studio\jbr\bin\server\jvm.dll
0x00007ff896fa0000 - 0x00007ff897054000 	C:\WINDOWS\System32\ADVAPI32.dll
0x00007ff897970000 - 0x00007ff897a16000 	C:\WINDOWS\System32\sechost.dll
0x00007ff898780000 - 0x00007ff898898000 	C:\WINDOWS\System32\RPCRT4.dll
0x00007ff8978f0000 - 0x00007ff897964000 	C:\WINDOWS\System32\WS2_32.dll
0x00007ff895db0000 - 0x00007ff895e0e000 	C:\WINDOWS\SYSTEM32\POWRPROF.dll
0x00007ff88d790000 - 0x00007ff88d7c5000 	C:\WINDOWS\SYSTEM32\WINMM.dll
0x00007ff88f100000 - 0x00007ff88f10b000 	C:\WINDOWS\SYSTEM32\VERSION.dll
0x00007ff895d90000 - 0x00007ff895da4000 	C:\WINDOWS\SYSTEM32\UMPDC.dll
0x00007ff894ec0000 - 0x00007ff894edb000 	C:\WINDOWS\SYSTEM32\kernel.appcore.dll
0x00007ff891280000 - 0x00007ff89128a000 	C:\Program Files\Android\Android Studio\jbr\bin\jimage.dll
0x00007ff8897d0000 - 0x00007ff889a12000 	C:\WINDOWS\SYSTEM32\DBGHELP.DLL
0x00007ff8988a0000 - 0x00007ff898c1b000 	C:\WINDOWS\System32\combase.dll
0x00007ff897810000 - 0x00007ff8978e7000 	C:\WINDOWS\System32\OLEAUT32.dll
0x00007ff877a20000 - 0x00007ff877a5c000 	C:\WINDOWS\SYSTEM32\dbgcore.DLL
0x00007ff896510000 - 0x00007ff8965a8000 	C:\WINDOWS\System32\bcryptPrimitives.dll
0x00007ff87ddc0000 - 0x00007ff87dde0000 	C:\Program Files\Android\Android Studio\jbr\bin\java.dll

dbghelp: loaded successfully - version: 4.0.5 - missing functions: none
symbol engine: initialized successfully - sym options: 0x614 - pdb path: .;C:\Program Files\Android\Android Studio\jbr\bin;C:\WINDOWS\SYSTEM32;C:\WINDOWS\WinSxS\amd64_microsoft.windows.common-controls_6595b64144ccf1df_6.0.26100.6725_none_3e085828e334708b;C:\Program Files\Android\Android Studio\jbr\bin\server

VM Arguments:
java_command: org.jetbrains.kotlin.cli.jvm.K2JVMCompiler @C:\Users\rajin\AndroidStudioProjects\FocuSticks\app\build\20251008_10086486313495087177.compiler.options
java_class_path (initial): C:\Users\rajin\.gradle\caches\modules-2\files-2.1\org.jetbrains.kotlin\kotlin-compiler-embeddable\1.9.24\78dab849090e6c5e2eadb6e59a11cdc28fb67a08\kotlin-compiler-embeddable-1.9.24.jar;C:\Users\rajin\.gradle\caches\modules-2\files-2.1\org.jetbrains.kotlin\kotlin-stdlib\1.9.24\9928532f12c66ad816a625b3f9984f8368ca6d2b\kotlin-stdlib-1.9.24.jar;C:\Users\rajin\.gradle\caches\modules-2\files-2.1\org.jetbrains.kotlin\kotlin-script-runtime\1.9.24\96771497da90fbc5af1c90fce148db2595a62502\kotlin-script-runtime-1.9.24.jar;C:\Users\rajin\.gradle\caches\modules-2\files-2.1\org.jetbrains.kotlin\kotlin-reflect\1.6.10\1cbe9c92c12a94eea200d23c2bbaedaf3daf5132\kotlin-reflect-1.6.10.jar;C:\Users\rajin\.gradle\caches\modules-2\files-2.1\org.jetbrains.kotlin\kotlin-daemon-embeddable\1.9.24\86685b9c5e8d170925bd9ddbdc263374a6a73281\kotlin-daemon-embeddable-1.9.24.jar;C:\Users\rajin\.gradle\caches\modules-2\files-2.1\org.jetbrains.intellij.deps\trove4j\1.0.20200330\3afb14d5f9ceb459d724e907a21145e8ff394f02\trove4j-1.0.20200330.jar;C:\Users\rajin\.gradle\caches\modules-2\files-2.1\org.jetbrains\annotations\13.0\919f0dfe192fb4e063e7dacadee7f8bb9a2672a9\annotations-13.0.jar
Launcher Type: SUN_STANDARD

[Global flags]
     intx CICompilerCount                          = 4                                         {product} {ergonomic}
     uint ConcGCThreads                            = 3                                         {product} {ergonomic}
     uint G1ConcRefinementThreads                  = 10                                        {product} {ergonomic}
   size_t G1HeapRegionSize                         = 2097152                                   {product} {ergonomic}
    uintx GCDrainStackTargetSize                   = 64                                        {product} {ergonomic}
   size_t InitialHeapSize                          = 257949696                                 {product} {ergonomic}
   size_t MarkStackSize                            = 4194304                                   {product} {ergonomic}
   size_t MaxHeapSize                              = 4114612224                                {product} {ergonomic}
   size_t MinHeapDeltaBytes                        = 2097152                                   {product} {ergonomic}
   size_t MinHeapSize                              = 8388608                                   {product} {ergonomic}
    uintx NonNMethodCodeHeapSize                   = 5839372                                {pd product} {ergonomic}
    uintx NonProfiledCodeHeapSize                  = 122909434                              {pd product} {ergonomic}
    uintx ProfiledCodeHeapSize                     = 122909434                              {pd product} {ergonomic}
    uintx ReservedCodeCacheSize                    = 251658240                              {pd product} {ergonomic}
     bool SegmentedCodeCache                       = true                                      {product} {ergonomic}
   size_t SoftMaxHeapSize                          = 4114612224                             {manageable} {ergonomic}
     bool UseCompressedOops                        = true                           {product lp64_product} {ergonomic}
     bool UseG1GC                                  = true                                      {product} {ergonomic}
     bool UseLargePagesIndividualAllocation        = false                                  {pd product} {ergonomic}

Logging:
Log output configuration:
 #0: stdout all=warning uptime,level,tags foldmultilines=false
 #1: stderr all=off uptime,level,tags foldmultilines=false

Environment Variables:
PATH=C:\Python312\Scripts\;C:\Python312\;C:\WINDOWS\system32;C:\WINDOWS;C:\WINDOWS\System32\Wbem;C:\WINDOWS\System32\WindowsPowerShell\v1.0\;C:\WINDOWS\System32\OpenSSH\;C:\ProgramData\chocolatey\bin;C:\Program Files\MySQL\MySQL Server 8.0\bin;C:\Program Files\Microsoft SQL Server\150\Tools\Binn\;C:\Program Files\Microsoft SQL Server\Client SDK\ODBC\170\Tools\Binn\;C:\Program Files\dotnet\;C:\Program Files\MongoDB\Server\8.0\bin;C:\Program Files\nodejs\;C:\Program Files\Git\cmd;C:\Program Files\MySQL\MySQL Shell 8.0\bin\;C:\Users\rajin\anaconda3;C:\Users\rajin\anaconda3\Library\mingw-w64\bin;C:\Users\rajin\anaconda3\Library\usr\bin;C:\Users\rajin\anaconda3\Library\bin;C:\Users\rajin\anaconda3\Scripts;C:\Users\rajin\AppData\Local\Microsoft\WindowsApps;D:\New folder\New folder\Microsoft VS Code\bin;C:\Program Files\JetBrains\PyCharm 2024.1.4\bin;;C:\Program Files\JetBrains\PyCharm Community Edition 2024.1.4\bin;;C:\Users\rajin\.dotnet\tools;C:\Users\rajin\AppData\Local\Programs\mongosh\;C:\Users\rajin\AppData\Local\Microsoft\WinGet\Packages\Schniz.fnm_Microsoft.Winget.Source_8wekyb3d8bbwe;C:\Users\rajin\AppData\Roaming\npm
USERNAME=rajin
OS=Windows_NT
PROCESSOR_IDENTIFIER=AMD64 Family 23 Model 104 Stepping 1, AuthenticAMD
TMP=C:\Users\rajin\AppData\Local\Temp
TEMP=C:\Users\rajin\AppData\Local\Temp




Periodic native trim disabled

JNI global refs:
JNI global refs: 0, weak refs: 0

JNI global refs memory usage: 0, weak refs: 0

Process memory usage:
Resident Set Size: 12896K (0% of 16070260K total physical memory with 1449728K free physical memory)

OOME stack traces (most recent first):
Classloader memory used:

---------------  S Y S T E M  ---------------

OS:
 Windows 11 , 64 bit Build 26100 (10.0.26100.6725)
OS uptime: 0 days 10:39 hours
Hyper-V role detected

CPU: total 12 (initial active 12) (12 cores per cpu, 2 threads per core) family 23 model 104 stepping 1 microcode 0x8608109, cx8, cmov, fxsr, ht, mmx, 3dnowpref, sse, sse2, sse3, ssse3, sse4a, sse4.1, sse4.2, popcnt, lzcnt, tsc, tscinvbit, avx, avx2, aes, clmul, bmi1, bmi2, adx, sha, fma, vzeroupper, clflush, clflushopt, hv, rdtscp, rdpid, f16c
Processor Information for the first 12 processors :
  Max Mhz: 2100, Current Mhz: 2100, Mhz Limit: 2100

Memory: 4k page, system-wide physical 15693M (1415M free)
TotalPageFile size 22093M (AvailPageFile size 136M)
current process WorkingSet (physical memory assigned to process): 12M, peak: 12M
current process commit charge ("private bytes"): 64M, peak: 310M

vm_info: OpenJDK 64-Bit Server VM (21.0.7+-13880790-b1038.58) for windows-amd64 JRE (21.0.7+-13880790-b1038.58), built on 2025-08-04T20:56:21Z by "builder" with MS VC++ 16.10 / 16.11 (VS2019)

END.
